2015-11-22 01:04:08,955 INFO  [org.jboss.modules] (main) JBoss Modules version 1.4.3.Final
2015-11-22 01:04:09,236 INFO  [org.jboss.msc] (main) JBoss MSC version 1.2.6.Final
2015-11-22 01:04:09,328 INFO  [org.jboss.as] (MSC service thread 1-6) WFLYSRV0049: WildFly Full 9.0.1.Final (WildFly Core 1.0.1.Final) starting
2015-11-22 01:04:09,331 DEBUG [org.jboss.as.config] (MSC service thread 1-6) Configured system properties:
	awt.toolkit = sun.awt.windows.WToolkit
	file.encoding = Cp1250
	file.encoding.pkg = sun.io
	file.separator = \
	java.awt.graphicsenv = sun.awt.Win32GraphicsEnvironment
	java.awt.printerjob = sun.awt.windows.WPrinterJob
	java.class.path = C:\development\java\expense\target\wildfly-9.0.1.Final\jboss-modules.jar
	java.class.version = 51.0
	java.endorsed.dirs = C:\Program Files\Java\jdk1.7.0_79\jre\lib\endorsed
	java.ext.dirs = C:\Program Files\Java\jdk1.7.0_79\jre\lib\ext;C:\WINDOWS\Sun\Java\lib\ext
	java.home = C:\Program Files\Java\jdk1.7.0_79\jre
	java.io.tmpdir = C:\Users\GASPER~1\AppData\Local\Temp\
	java.library.path = C:\Program Files\Java\jdk1.7.0_79\bin;C:\WINDOWS\Sun\Java\bin;C:\WINDOWS\system32;C:\WINDOWS;C:\Program Files\ConEmu\ConEmu\Scripts;C:\Program Files\ConEmu;C:\Program Files\ConEmu\ConEmu;C:\ProgramData\Oracle\Java\javapath;C:\Python27\;C:\Python27\Scripts;C:\Program Files\Java\jdk1.7.0_79\bin;C:\WINDOWS\system32;C:\WINDOWS;C:\WINDOWS\System32\Wbem;C:\WINDOWS\System32\WindowsPowerShell\v1.0\;C:\Program Files\TortoiseSVN\bin;C:\Users\Gasper Andrejc\Software\apache-maven-3.3.3\bin;C:\Program Files (x86)\Skype\Phone\;C:\Program Files (x86)\Subversion\bin;C:\Program Files\PostgreSQL\9.4\bin;C:\Users\Gasper Andrejc\Faks\SCALA\sbt-launch.jar;C:\Program Files\nodejs\;C:\Users\Gasper Andrejc\Faks\SCALA;C:\Program Files (x86)\Heroku\bin;C:\Program Files (x86)\git\cmd;C:\Program Files (x86)\Midnight Commander;C:\Users\Gasper Andrejc\AppData\Roaming\npm;C:\Users\Gasper Andrejc\AppData\Local\Programs\Git\cmd;.
	java.net.preferIPv4Stack = true
	java.runtime.name = Java(TM) SE Runtime Environment
	java.runtime.version = 1.7.0_79-b15
	java.specification.name = Java Platform API Specification
	java.specification.vendor = Oracle Corporation
	java.specification.version = 1.7
	java.util.logging.manager = org.jboss.logmanager.LogManager
	java.vendor = Oracle Corporation
	java.vendor.url = http://java.oracle.com/
	java.vendor.url.bug = http://bugreport.sun.com/bugreport/
	java.version = 1.7.0_79
	java.vm.info = mixed mode
	java.vm.name = Java HotSpot(TM) 64-Bit Server VM
	java.vm.specification.name = Java Virtual Machine Specification
	java.vm.specification.vendor = Oracle Corporation
	java.vm.specification.version = 1.7
	java.vm.vendor = Oracle Corporation
	java.vm.version = 24.79-b02
	javax.management.builder.initial = org.jboss.as.jmx.PluggableMBeanServerBuilder
	javax.xml.datatype.DatatypeFactory = __redirected.__DatatypeFactory
	javax.xml.parsers.DocumentBuilderFactory = __redirected.__DocumentBuilderFactory
	javax.xml.parsers.SAXParserFactory = __redirected.__SAXParserFactory
	javax.xml.stream.XMLEventFactory = __redirected.__XMLEventFactory
	javax.xml.stream.XMLInputFactory = __redirected.__XMLInputFactory
	javax.xml.stream.XMLOutputFactory = __redirected.__XMLOutputFactory
	javax.xml.transform.TransformerFactory = __redirected.__TransformerFactory
	javax.xml.validation.SchemaFactory:http://www.w3.org/2001/XMLSchema = __redirected.__SchemaFactory
	javax.xml.xpath.XPathFactory:http://java.sun.com/jaxp/xpath/dom = __redirected.__XPathFactory
	jboss.home.dir = C:\development\java\expense\target\wildfly-9.0.1.Final
	jboss.host.name = desktop-9omtuh9
	jboss.modules.dir = C:\development\java\expense\target\wildfly-9.0.1.Final\modules
	jboss.modules.system.pkgs = org.jboss.byteman
	jboss.node.name = desktop-9omtuh9
	jboss.qualified.host.name = desktop-9omtuh9
	jboss.server.base.dir = C:\development\java\expense\target\wildfly-9.0.1.Final\standalone
	jboss.server.config.dir = C:\development\java\expense\target\wildfly-9.0.1.Final\standalone\configuration
	jboss.server.data.dir = C:\development\java\expense\target\wildfly-9.0.1.Final\standalone\data
	jboss.server.deploy.dir = C:\development\java\expense\target\wildfly-9.0.1.Final\standalone\data\content
	jboss.server.log.dir = C:\development\java\expense\target\wildfly-9.0.1.Final\standalone\log
	jboss.server.name = desktop-9omtuh9
	jboss.server.persist.config = true
	jboss.server.temp.dir = C:\development\java\expense\target\wildfly-9.0.1.Final\standalone\tmp
	line.separator = 

	logging.configuration = file:C:\development\java\expense\target\wildfly-9.0.1.Final\standalone\configuration/logging.properties
	module.path = C:\development\java\expense\target\wildfly-9.0.1.Final\modules
	org.jboss.boot.log.file = C:\development\java\expense\target\wildfly-9.0.1.Final\standalone\log\server.log
	org.jboss.resolver.warning = true
	org.xml.sax.driver = __redirected.__XMLReaderFactory
	os.arch = amd64
	os.name = Windows 8.1
	os.version = 6.3
	path.separator = ;
	program.name = standalone.bat
	sun.arch.data.model = 64
	sun.boot.class.path = C:\Program Files\Java\jdk1.7.0_79\jre\lib\resources.jar;C:\Program Files\Java\jdk1.7.0_79\jre\lib\rt.jar;C:\Program Files\Java\jdk1.7.0_79\jre\lib\sunrsasign.jar;C:\Program Files\Java\jdk1.7.0_79\jre\lib\jsse.jar;C:\Program Files\Java\jdk1.7.0_79\jre\lib\jce.jar;C:\Program Files\Java\jdk1.7.0_79\jre\lib\charsets.jar;C:\Program Files\Java\jdk1.7.0_79\jre\lib\jfr.jar;C:\Program Files\Java\jdk1.7.0_79\jre\classes
	sun.boot.library.path = C:\Program Files\Java\jdk1.7.0_79\jre\bin
	sun.cpu.endian = little
	sun.cpu.isalist = amd64
	sun.desktop = windows
	sun.io.unicode.encoding = UnicodeLittle
	sun.java.command = C:\development\java\expense\target\wildfly-9.0.1.Final\jboss-modules.jar -mp C:\development\java\expense\target\wildfly-9.0.1.Final\modules org.jboss.as.standalone -Djboss.home.dir=C:\development\java\expense\target\wildfly-9.0.1.Final
	sun.java.launcher = SUN_STANDARD
	sun.jnu.encoding = Cp1250
	sun.management.compiler = HotSpot 64-Bit Tiered Compilers
	sun.os.patch.level = 
	user.country = GB
	user.country.format = SI
	user.dir = C:\development\java\expense
	user.home = C:\Users\Gasper Andrejc
	user.language = en
	user.language.format = sl
	user.name = gandrejc
	user.script = 
	user.timezone = Europe/Prague
	user.variant = 
2015-11-22 01:04:09,334 DEBUG [org.jboss.as.config] (MSC service thread 1-6) VM Arguments: -Dprogram.name=standalone.bat -Xms64M -Xmx512M -XX:MaxPermSize=256M -Djava.net.preferIPv4Stack=true -Djboss.modules.system.pkgs=org.jboss.byteman -Dorg.jboss.boot.log.file=C:\development\java\expense\target\wildfly-9.0.1.Final\standalone\log\server.log -Dlogging.configuration=file:C:\development\java\expense\target\wildfly-9.0.1.Final\standalone\configuration/logging.properties 
2015-11-22 01:04:10,419 INFO  [org.jboss.as.controller.management-deprecated] (ServerService Thread Pool -- 22) WFLYCTL0028: Attribute 'enabled' in the resource at address '/subsystem=datasources/data-source=ExampleDS' is deprecated, and may be removed in future version. See the attribute description in the output of the read-resource-description operation to learn more about the deprecation.
2015-11-22 01:04:10,435 INFO  [org.jboss.as.controller.management-deprecated] (ServerService Thread Pool -- 21) WFLYCTL0028: Attribute 'job-repository-type' in the resource at address '/subsystem=batch' is deprecated, and may be removed in future version. See the attribute description in the output of the read-resource-description operation to learn more about the deprecation.
2015-11-22 01:04:10,543 INFO  [org.jboss.as.repository] (ServerService Thread Pool -- 11) WFLYDR0001: Content added at location C:\development\java\expense\target\wildfly-9.0.1.Final\standalone\data\content\67\218283216f83143ce282535dc102f44b4126cc\content
2015-11-22 01:04:10,565 INFO  [org.jboss.as.server] (Controller Boot Thread) WFLYSRV0039: Creating http management service using socket-binding (management-http)
2015-11-22 01:04:10,590 INFO  [org.xnio] (MSC service thread 1-4) XNIO version 3.3.1.Final
2015-11-22 01:04:10,602 INFO  [org.xnio.nio] (MSC service thread 1-4) XNIO NIO Implementation Version 3.3.1.Final
2015-11-22 01:04:10,647 INFO  [org.wildfly.extension.io] (ServerService Thread Pool -- 37) WFLYIO001: Worker 'default' has auto-configured to 8 core threads with 64 task threads based on your 4 available processors
2015-11-22 01:04:10,661 INFO  [org.jboss.as.jsf] (ServerService Thread Pool -- 44) WFLYJSF0007: Activated the following JSF Implementations: [main]
2015-11-22 01:04:10,648 INFO  [org.jboss.as.clustering.infinispan] (ServerService Thread Pool -- 38) WFLYCLINF0001: Activating Infinispan subsystem.
2015-11-22 01:04:10,700 INFO  [org.jboss.as.connector] (MSC service thread 1-1) WFLYJCA0009: Starting JCA Subsystem (IronJacamar 1.2.4.Final)
2015-11-22 01:04:10,781 INFO  [org.jboss.as.naming] (ServerService Thread Pool -- 46) WFLYNAM0001: Activating Naming Subsystem
2015-11-22 01:04:10,773 INFO  [org.jboss.remoting] (MSC service thread 1-4) JBoss Remoting version 4.0.9.Final
2015-11-22 01:04:10,740 INFO  [org.jboss.as.connector.subsystems.datasources] (ServerService Thread Pool -- 33) WFLYJCA0004: Deploying JDBC-compliant driver class org.h2.Driver (version 1.3)
2015-11-22 01:04:10,810 INFO  [org.jboss.as.connector.deployers.jdbc] (MSC service thread 1-3) WFLYJCA0018: Started Driver service with driver-name = h2
2015-11-22 01:04:10,838 INFO  [org.jboss.as.naming] (MSC service thread 1-7) WFLYNAM0003: Starting Naming Service
2015-11-22 01:04:10,840 INFO  [org.jboss.as.mail.extension] (MSC service thread 1-5) WFLYMAIL0001: Bound mail session [java:jboss/mail/Default]
2015-11-22 01:04:10,886 INFO  [org.jboss.as.security] (ServerService Thread Pool -- 53) WFLYSEC0002: Activating Security Subsystem
2015-11-22 01:04:10,887 WARN  [org.jboss.as.txn] (ServerService Thread Pool -- 54) WFLYTX0013: Node identifier property is set to the default value. Please make sure it is unique.
2015-11-22 01:04:10,894 INFO  [org.jboss.as.webservices] (ServerService Thread Pool -- 56) WFLYWS0002: Activating WebServices Extension
2015-11-22 01:04:10,896 INFO  [org.jboss.as.security] (MSC service thread 1-8) WFLYSEC0001: Current PicketBox version=4.9.2.Final
2015-11-22 01:04:10,907 INFO  [org.wildfly.extension.undertow] (MSC service thread 1-4) WFLYUT0003: Undertow 1.2.9.Final starting
2015-11-22 01:04:10,907 INFO  [org.wildfly.extension.undertow] (ServerService Thread Pool -- 55) WFLYUT0003: Undertow 1.2.9.Final starting
2015-11-22 01:04:11,081 INFO  [org.wildfly.extension.undertow] (ServerService Thread Pool -- 55) WFLYUT0014: Creating file handler for path C:\development\java\expense\target\wildfly-9.0.1.Final/welcome-content
2015-11-22 01:04:11,099 INFO  [org.wildfly.extension.undertow] (MSC service thread 1-1) WFLYUT0012: Started server default-server.
2015-11-22 01:04:11,258 INFO  [org.wildfly.extension.undertow] (MSC service thread 1-8) WFLYUT0018: Host default-host starting
2015-11-22 01:04:11,289 INFO  [org.wildfly.extension.undertow] (MSC service thread 1-1) WFLYUT0006: Undertow HTTP listener default listening on /127.0.0.1:8080
2015-11-22 01:04:11,375 INFO  [org.jboss.as.connector.subsystems.datasources] (MSC service thread 1-1) WFLYJCA0001: Bound data source [java:jboss/datasources/ExampleDS]
2015-11-22 01:04:11,408 INFO  [org.jboss.as.server.deployment.scanner] (MSC service thread 1-6) WFLYDS0013: Started FileSystemDeploymentService for directory C:\development\java\expense\target\wildfly-9.0.1.Final\standalone\deployments
2015-11-22 01:04:11,415 INFO  [org.jboss.as.server.deployment] (MSC service thread 1-1) WFLYSRV0027: Starting deployment of "e-xpense-web-1.0-SNAPSHOT.war" (runtime-name: "e-xpense-web-1.0-SNAPSHOT.war")
2015-11-22 01:04:11,528 INFO  [org.jboss.ws.common.management] (MSC service thread 1-2) JBWS022052: Starting JBoss Web Services - Stack CXF Server 5.0.0.Final
2015-11-22 01:04:14,949 INFO  [org.wildfly.extension.undertow] (ServerService Thread Pool -- 59) WFLYUT0021: Registered web context: /
2015-11-22 01:04:15,000 INFO  [org.jboss.as.server] (ServerService Thread Pool -- 34) WFLYSRV0010: Deployed "e-xpense-web-1.0-SNAPSHOT.war" (runtime-name : "e-xpense-web-1.0-SNAPSHOT.war")
2015-11-22 01:04:16,010 INFO  [org.jboss.as] (Controller Boot Thread) WFLYSRV0060: Http management interface listening on http://127.0.0.1:9990/management
2015-11-22 01:04:16,012 INFO  [org.jboss.as] (Controller Boot Thread) WFLYSRV0051: Admin console listening on http://127.0.0.1:9990
2015-11-22 01:04:16,015 INFO  [org.jboss.as] (Controller Boot Thread) WFLYSRV0025: WildFly Full 9.0.1.Final (WildFly Core 1.0.1.Final) started in 7347ms - Started 272 of 453 services (221 services are lazy, passive or on-demand)
2015-11-22 01:04:30,400 INFO  [org.jboss.as.server] (Thread-2) WFLYSRV0220: Server shutdown has been requested.
2015-11-22 01:04:30,451 INFO  [org.wildfly.extension.undertow] (ServerService Thread Pool -- 59) WFLYUT0022: Unregistered web context: /
2015-11-22 01:04:30,462 INFO  [org.wildfly.extension.undertow] (MSC service thread 1-4) WFLYUT0019: Host default-host stopping
2015-11-22 01:04:30,466 INFO  [org.jboss.as.connector.deployers.jdbc] (MSC service thread 1-6) WFLYJCA0019: Stopped Driver service with driver-name = h2
2015-11-22 01:04:30,465 INFO  [org.jboss.as.connector.subsystems.datasources] (MSC service thread 1-3) WFLYJCA0010: Unbound data source [java:jboss/datasources/ExampleDS]
2015-11-22 01:04:30,488 INFO  [org.hibernate.validator.internal.util.Version] (MSC service thread 1-8) HV000001: Hibernate Validator 5.1.3.Final
2015-11-22 01:04:30,537 INFO  [org.wildfly.extension.undertow] (MSC service thread 1-7) WFLYUT0008: Undertow HTTP listener default suspending
2015-11-22 01:04:30,539 INFO  [org.wildfly.extension.undertow] (MSC service thread 1-7) WFLYUT0007: Undertow HTTP listener default stopped, was bound to /127.0.0.1:8080
2015-11-22 01:04:30,542 INFO  [org.wildfly.extension.undertow] (MSC service thread 1-8) WFLYUT0004: Undertow 1.2.9.Final stopping
2015-11-22 01:04:30,575 INFO  [org.jboss.as.server.deployment] (MSC service thread 1-3) WFLYSRV0028: Stopped deployment e-xpense-web-1.0-SNAPSHOT.war (runtime-name: e-xpense-web-1.0-SNAPSHOT.war) in 144ms
2015-11-22 01:04:30,586 INFO  [org.jboss.as] (MSC service thread 1-8) WFLYSRV0050: WildFly Full 9.0.1.Final (WildFly Core 1.0.1.Final) stopped in 126ms
